<?xml version="1.0" encoding="UTF-8"?>
<testng-results ignored="0" total="1" passed="1" failed="0" skipped="0">
  <reporter-output>
  </reporter-output>
  <suite started-at="2021-08-23T17:51:07Z" name="SuiteDemoMaven_crossBrowser" finished-at="2021-08-23T17:51:23Z" duration-ms="15613">
    <groups>
    </groups>
    <test started-at="2021-08-23T17:51:07Z" name="TestDemoMaven_chrome" finished-at="2021-08-23T17:51:23Z" duration-ms="15613">
      <class name="demomaventestcases.TC_loginTest_001">
        <test-method is-config="true" signature="setup(java.lang.String)[pri:0, instance:demomaventestcases.TC_loginTest_001@76c3e77a]" started-at="2021-08-23T17:51:08Z" name="setup" finished-at="2021-08-23T17:51:09Z" duration-ms="1028" status="PASS">
          <params>
            <param index="0">
              <value>
                <![CDATA[chrome]]>
              </value>
            </param>
          </params>
          <reporter-output>
          </reporter-output>
        </test-method> <!-- setup -->
        <test-method signature="loginTest()[pri:0, instance:demomaventestcases.TC_loginTest_001@76c3e77a]" started-at="2021-08-23T17:51:09Z" name="loginTest" finished-at="2021-08-23T17:51:23Z" duration-ms="14259" status="PASS">
          <reporter-output>
          </reporter-output>
        </test-method> <!-- loginTest -->
        <test-method is-config="true" signature="teardown()[pri:0, instance:demomaventestcases.TC_loginTest_001@76c3e77a]" started-at="2021-08-23T17:51:23Z" name="teardown" finished-at="2021-08-23T17:51:23Z" duration-ms="154" status="PASS">
          <reporter-output>
          </reporter-output>
        </test-method> <!-- teardown -->
      </class> <!-- demomaventestcases.TC_loginTest_001 -->
    </test> <!-- TestDemoMaven_chrome -->
  </suite> <!-- SuiteDemoMaven_crossBrowser -->
</testng-results>
